<?xml version="1.0" encoding="UTF-8"?>
<coverage generated="1710484921706" clover="3.2.0">
  <project timestamp="1710484921706" name="All files">
    <metrics statements="20" coveredstatements="17" conditionals="1" coveredconditionals="1" methods="2" coveredmethods="2" elements="23" coveredelements="20" complexity="0" loc="20" ncloc="20" packages="1" files="1" classes="1"/>
    <file name="credit-card.service.ts" path="D:\projects\challenge\credit-card-tokenization-api\src\services\credit-card.service.ts">
      <metrics statements="20" coveredstatements="17" conditionals="1" coveredconditionals="1" methods="2" coveredmethods="2"/>
      <line num="1" count="1" type="stmt"/>
      <line num="2" count="1" type="stmt"/>
      <line num="3" count="1" type="stmt"/>
      <line num="4" count="1" type="stmt"/>
      <line num="7" count="1" type="stmt"/>
      <line num="12" count="2" type="stmt"/>
      <line num="13" count="2" type="stmt"/>
      <line num="14" count="2" type="stmt"/>
      <line num="15" count="2" type="stmt"/>
      <line num="16" count="1" type="stmt"/>
      <line num="18" count="1" type="stmt"/>
      <line num="23" count="2" type="stmt"/>
      <line num="24" count="2" type="stmt"/>
      <line num="25" count="1" type="cond" truecount="1" falsecount="0"/>
      <line num="26" count="1" type="stmt"/>
      <line num="28" count="0" type="stmt"/>
      <line num="31" count="0" type="stmt"/>
      <line num="33" count="0" type="stmt"/>
      <line num="35" count="1" type="stmt"/>
      <line num="41" count="1" type="stmt"/>
    </file>
  </project>
</coverage>
