{"D:\\projects\\challenge\\credit-card-tokenization-api\\src\\services\\credit-card.service.ts": {"path":"D:\\projects\\challenge\\credit-card-tokenization-api\\src\\services\\credit-card.service.ts","statementMap":{"0":{"start":{"line":1,"column":0},"end":{"line":1,"column":23}},"1":{"start":{"line":2,"column":0},"end":{"line":2,"column":41}},"2":{"start":{"line":3,"column":0},"end":{"line":3,"column":74}},"3":{"start":{"line":4,"column":0},"end":{"line":4,"column":44}},"4":{"start":{"line":7,"column":12},"end":{"line":7,"column":56}},"5":{"start":{"line":12,"column":8},"end":{"line":19,"column":9}},"6":{"start":{"line":13,"column":28},"end":{"line":13,"column":50}},"7":{"start":{"line":14,"column":26},"end":{"line":14,"column":49}},"8":{"start":{"line":15,"column":12},"end":{"line":15,"column":65}},"9":{"start":{"line":16,"column":12},"end":{"line":16,"column":27}},"10":{"start":{"line":18,"column":12},"end":{"line":18,"column":25}},"11":{"start":{"line":23,"column":8},"end":{"line":36,"column":9}},"12":{"start":{"line":24,"column":26},"end":{"line":24,"column":70}},"13":{"start":{"line":25,"column":12},"end":{"line":27,"column":13}},"14":{"start":{"line":26,"column":14},"end":{"line":26,"column":26}},"15":{"start":{"line":28,"column":32},"end":{"line":28,"column":54}},"16":{"start":{"line":31,"column":39},"end":{"line":31,"column":71}},"17":{"start":{"line":33,"column":12},"end":{"line":33,"column":38}},"18":{"start":{"line":35,"column":12},"end":{"line":35,"column":25}},"19":{"start":{"line":41,"column":0},"end":{"line":41,"column":null}}},"fnMap":{"0":{"name":"(anonymous_8)","decl":{"start":{"line":11,"column":10},"end":{"line":11,"column":21}},"loc":{"start":{"line":11,"column":30},"end":{"line":20,"column":null}}},"1":{"name":"(anonymous_10)","decl":{"start":{"line":22,"column":10},"end":{"line":22,"column":18}},"loc":{"start":{"line":22,"column":33},"end":{"line":37,"column":null}}}},"branchMap":{"0":{"loc":{"start":{"line":25,"column":12},"end":{"line":27,"column":13}},"type":"if","locations":[{"start":{"line":25,"column":12},"end":{"line":27,"column":13}}]}},"s":{"0":1,"1":1,"2":1,"3":1,"4":1,"5":2,"6":2,"7":2,"8":2,"9":1,"10":1,"11":2,"12":2,"13":1,"14":1,"15":0,"16":0,"17":0,"18":1,"19":1},"f":{"0":2,"1":2},"b":{"0":[1]}}
}
